<?xml version="1.0" encoding="UTF-8"?>
<!-- Generated by org.testng.reporters.JUnitXMLReporter -->
<testsuite hostname="Srinath" name="Login_Testcases" tests="4" failures="0" timestamp="28 Jun 2022 14:27:33 GMT" time="71.832" errors="0">
  <testcase name="login_with_invalid_password" time="26.338" classname="com.mln.login.InvalidCredentials_Password"/>
  <testcase name="login_with_invalid_username" time="21.217" classname="com.mln.login.InvalidCredentials_UserName"/>
  <testcase name="login_with_invalid_Credentials" time="9.801" classname="com.mln.login.InvalidCredentials"/>
  <testcase name="login_with_valid_Credentials" time="14.463" classname="com.mln.login.ValidCredentials"/>
</testsuite> <!-- Login_Testcases -->
