<?xml version="1.0" encoding="UTF-8"?>
<testng-results skipped="0" failed="1" total="5" passed="4">
  <reporter-output>
  </reporter-output>
  <suite name="Login_Suit_Dataprovider" duration-ms="15775" started-at="2022-06-28T18:53:59Z" finished-at="2022-06-28T18:54:15Z">
    <groups>
    </groups>
    <test name="login_TestCase_TC1.0" duration-ms="15775" started-at="2022-06-28T18:53:59Z" finished-at="2022-06-28T18:54:15Z">
      <class name="com.mln.login.Login_Validation">
        <test-method status="PASS" signature="StartReporting()[pri:0, instance:com.mln.login.Login_Validation@5a61f5df]" name="StartReporting" is-config="true" duration-ms="206" started-at="2022-06-28T14:53:59Z" finished-at="2022-06-28T14:53:59Z">
          <reporter-output>
          </reporter-output>
        </test-method> <!-- StartReporting -->
        <test-method status="PASS" signature="openBrowser()[pri:0, instance:com.mln.login.Login_Validation@5a61f5df]" name="openBrowser" is-config="true" duration-ms="2891" started-at="2022-06-28T14:53:59Z" finished-at="2022-06-28T14:54:02Z">
          <reporter-output>
          </reporter-output>
        </test-method> <!-- openBrowser -->
        <test-method status="PASS" signature="login_with_validation(java.lang.String, java.lang.String, java.lang.String)[pri:0, instance:com.mln.login.Login_Validation@5a61f5df]" name="login_with_validation" duration-ms="4555" started-at="2022-06-28T14:54:03Z" data-provider="login data_exceldata" finished-at="2022-06-28T14:54:07Z">
          <params>
            <param index="0">
              <value>
                <![CDATA[lakme88@gmail.com]]>
              </value>
            </param>
            <param index="1">
              <value>
                <![CDATA[123.0]]>
              </value>
            </param>
            <param index="2">
              <value>
                <![CDATA[invalid]]>
              </value>
            </param>
          </params>
          <reporter-output>
          </reporter-output>
        </test-method> <!-- login_with_validation -->
        <test-method status="PASS" signature="login_with_validation(java.lang.String, java.lang.String, java.lang.String)[pri:0, instance:com.mln.login.Login_Validation@5a61f5df]" name="login_with_validation" duration-ms="1584" started-at="2022-06-28T14:54:07Z" data-provider="login data_exceldata" finished-at="2022-06-28T14:54:09Z">
          <params>
            <param index="0">
              <value>
                <![CDATA[lakme8@gmail.com]]>
              </value>
            </param>
            <param index="1">
              <value>
                <![CDATA[Password@123]]>
              </value>
            </param>
            <param index="2">
              <value>
                <![CDATA[invalid]]>
              </value>
            </param>
          </params>
          <reporter-output>
          </reporter-output>
        </test-method> <!-- login_with_validation -->
        <test-method status="PASS" signature="login_with_validation(java.lang.String, java.lang.String, java.lang.String)[pri:0, instance:com.mln.login.Login_Validation@5a61f5df]" name="login_with_validation" duration-ms="1651" started-at="2022-06-28T14:54:09Z" data-provider="login data_exceldata" finished-at="2022-06-28T14:54:11Z">
          <params>
            <param index="0">
              <value>
                <![CDATA[lakme8@gmail.com]]>
              </value>
            </param>
            <param index="1">
              <value>
                <![CDATA[123.0]]>
              </value>
            </param>
            <param index="2">
              <value>
                <![CDATA[invalid]]>
              </value>
            </param>
          </params>
          <reporter-output>
          </reporter-output>
        </test-method> <!-- login_with_validation -->
        <test-method status="FAIL" signature="login_with_validation(java.lang.String, java.lang.String, java.lang.String)[pri:0, instance:com.mln.login.Login_Validation@5a61f5df]" name="login_with_validation" duration-ms="1543" started-at="2022-06-28T14:54:11Z" data-provider="login data_exceldata" finished-at="2022-06-28T14:54:12Z">
          <params>
            <param index="0">
              <value>
                <![CDATA[lakme88@gmail.com]]>
              </value>
            </param>
            <param index="1">
              <value>
                <![CDATA[123.0]]>
              </value>
            </param>
            <param index="2">
              <value>
                <![CDATA[valid]]>
              </value>
            </param>
          </params>
          <exception class="java.lang.AssertionError">
            <message>
              <![CDATA[expected [http://automationpractice.com/index.php?controller=my-account] but found [http://automationpractice.com/index.php?controller=authentication]]]>
            </message>
            <full-stacktrace>
              <![CDATA[java.lang.AssertionError: expected [http://automationpractice.com/index.php?controller=my-account] but found [http://automationpractice.com/index.php?controller=authentication]
	at org.testng.Assert.fail(Assert.java:94)
	at org.testng.Assert.failNotEquals(Assert.java:513)
	at org.testng.Assert.assertEqualsImpl(Assert.java:135)
	at org.testng.Assert.assertEquals(Assert.java:116)
	at org.testng.Assert.assertEquals(Assert.java:190)
	at org.testng.Assert.assertEquals(Assert.java:200)
	at com.mln.login.Login_Validation.login_with_validation(Login_Validation.java:118)
	at sun.reflect.NativeMethodAccessorImpl.invoke0(Native Method)
	at sun.reflect.NativeMethodAccessorImpl.invoke(NativeMethodAccessorImpl.java:62)
	at sun.reflect.DelegatingMethodAccessorImpl.invoke(DelegatingMethodAccessorImpl.java:43)
	at java.lang.reflect.Method.invoke(Method.java:498)
	at org.testng.internal.MethodInvocationHelper.invokeMethod(MethodInvocationHelper.java:86)
	at org.testng.internal.Invoker.invokeMethod(Invoker.java:645)
	at org.testng.internal.Invoker.invokeTestMethod(Invoker.java:822)
	at org.testng.internal.Invoker.invokeTestMethods(Invoker.java:1130)
	at org.testng.internal.TestMethodWorker.invokeTestMethods(TestMethodWorker.java:129)
	at org.testng.internal.TestMethodWorker.run(TestMethodWorker.java:112)
	at org.testng.TestRunner.privateRun(TestRunner.java:782)
	at org.testng.TestRunner.run(TestRunner.java:632)
	at org.testng.SuiteRunner.runTest(SuiteRunner.java:366)
	at org.testng.SuiteRunner.runSequentially(SuiteRunner.java:361)
	at org.testng.SuiteRunner.privateRun(SuiteRunner.java:319)
	at org.testng.SuiteRunner.run(SuiteRunner.java:268)
	at org.testng.SuiteRunnerWorker.runSuite(SuiteRunnerWorker.java:52)
	at org.testng.SuiteRunnerWorker.run(SuiteRunnerWorker.java:86)
	at org.testng.TestNG.runSuitesSequentially(TestNG.java:1244)
	at org.testng.TestNG.runSuitesLocally(TestNG.java:1169)
	at org.testng.TestNG.run(TestNG.java:1064)
	at org.testng.remote.RemoteTestNG.run(RemoteTestNG.java:113)
	at org.testng.remote.RemoteTestNG.initAndRun(RemoteTestNG.java:206)
	at org.testng.remote.RemoteTestNG.main(RemoteTestNG.java:177)
]]>
            </full-stacktrace>
          </exception> <!-- java.lang.AssertionError -->
          <reporter-output>
          </reporter-output>
        </test-method> <!-- login_with_validation -->
        <test-method status="PASS" signature="login_with_validation(java.lang.String, java.lang.String, java.lang.String)[pri:0, instance:com.mln.login.Login_Validation@5a61f5df]" name="login_with_validation" duration-ms="2175" started-at="2022-06-28T14:54:12Z" data-provider="login data_exceldata" finished-at="2022-06-28T14:54:14Z">
          <params>
            <param index="0">
              <value>
                <![CDATA[lakme88@gmail.com]]>
              </value>
            </param>
            <param index="1">
              <value>
                <![CDATA[Password@123]]>
              </value>
            </param>
            <param index="2">
              <value>
                <![CDATA[valid]]>
              </value>
            </param>
          </params>
          <reporter-output>
          </reporter-output>
        </test-method> <!-- login_with_validation -->
        <test-method status="PASS" signature="CloseBrowser()[pri:0, instance:com.mln.login.Login_Validation@5a61f5df]" name="CloseBrowser" is-config="true" duration-ms="699" started-at="2022-06-28T14:54:14Z" finished-at="2022-06-28T14:54:15Z">
          <reporter-output>
          </reporter-output>
        </test-method> <!-- CloseBrowser -->
        <test-method status="PASS" signature="EndReporting()[pri:0, instance:com.mln.login.Login_Validation@5a61f5df]" name="EndReporting" is-config="true" duration-ms="313" started-at="2022-06-28T14:54:15Z" finished-at="2022-06-28T14:54:15Z">
          <reporter-output>
          </reporter-output>
        </test-method> <!-- EndReporting -->
      </class> <!-- com.mln.login.Login_Validation -->
    </test> <!-- login_TestCase_TC1.0 -->
  </suite> <!-- Login_Suit_Dataprovider -->
</testng-results>
